This file contains any messages produced by compilers while
running configure, to aid debugging if configure makes a mistake.

It was created by ejabberd configure community 13.12-119-g47a39ce, which was
generated by GNU Autoconf 2.67.  Invocation command line was

  $ ./configure --prefix /usr/local/ejabberd1405/

## --------- ##
## Platform. ##
## --------- ##

hostname = wugaoping.local
uname -m = x86_64
uname -r = 14.0.0
uname -s = Darwin
uname -v = Darwin Kernel Version 14.0.0: Fri Sep 19 00:26:44 PDT 2014; root:xnu-2782.1.97~2/RELEASE_X86_64

/usr/bin/uname -p = i386
/bin/uname -X     = unknown

/bin/arch              = unknown
/usr/bin/arch -k       = unknown
/usr/convex/getsysinfo = unknown
/usr/bin/hostinfo      = Mach kernel version:
	 Darwin Kernel Version 14.0.0: Fri Sep 19 00:26:44 PDT 2014; root:xnu-2782.1.97~2/RELEASE_X86_64
Kernel configured for up to 4 processors.
2 processors are physically available.
4 processors are logically available.
Processor type: x86_64h (Intel x86-64h Haswell)
Processors active: 0 1 2 3
Primary memory available: 4.00 gigabytes
Default processor set: 179 tasks, 1098 threads, 4 processors
Load average: 2.75, Mach factor: 1.78
/bin/machine           = unknown
/usr/bin/oslevel       = unknown
/bin/universe          = unknown

PATH: /usr/local/bin
PATH: /usr/bin
PATH: /bin
PATH: /usr/sbin
PATH: /sbin
PATH: /opt/X11/bin


## ----------- ##
## Core tests. ##
## ----------- ##

configure:1821: checking whether make sets $(MAKE)
configure:1843: result: yes
configure:1895: checking for a BSD-compatible install
configure:1963: result: /usr/bin/install -c
configure:1974: checking for a sed that does not truncate output
configure:2038: result: /usr/bin/sed
configure:2107: checking for erl
configure:2125: found /usr/local/bin/erl
configure:2137: result: /usr/local/bin/erl
configure:2205: checking for erlc
configure:2223: found /usr/local/bin/erlc
configure:2235: result: /usr/local/bin/erlc
configure:2259: checking for erl
configure:2261: result: /usr/local/bin/erl
configure:2368: checking for erlc
configure:2370: result: /usr/local/bin/erlc
configure:2485: checking Erlang/OTP version
configure:2565: result: ok
configure:2660: checking for Erlang/OTP root directory
configure:2686: $ERLC $ERLCFLAGS -b beam conftest.$ac_ext >&5 && echo "#!/bin/sh" > conftest$ac_exeext && $as_echo "\"$ERL\" -run conftest start -run init stop -noshell" >> conftest$ac_exeext && chmod +x conftest$ac_exeext
configure:2686: $? = 0
configure:2686: ./conftest
configure:2686: $? = 0
configure:2707: result: /usr/local/lib/erlang
configure:2717: checking for escript
configure:2735: found /usr/local/lib/erlang/bin/escript
configure:2747: result: /usr/local/lib/erlang/bin/escript
configure:2759: checking for make
configure:2775: found /usr/bin/make
configure:2786: result: make
configure:3051: checking for Erlang/OTP 'sasl' library subdirectory
configure:3082: $ERLC $ERLCFLAGS -b beam conftest.$ac_ext >&5 && echo "#!/bin/sh" > conftest$ac_exeext && $as_echo "\"$ERL\" -run conftest start -run init stop -noshell" >> conftest$ac_exeext && chmod +x conftest$ac_exeext
configure:3082: $? = 0
configure:3082: ./conftest
configure:3082: $? = 0
configure:3107: result: /usr/local/lib/erlang/lib/sasl-2.4
configure:3109: checking for Erlang/OTP 'sasl' library version
configure:3120: result: 2.4
configure:3130: checking for Erlang/OTP 'crypto' library subdirectory
configure:3161: $ERLC $ERLCFLAGS -b beam conftest.$ac_ext >&5 && echo "#!/bin/sh" > conftest$ac_exeext && $as_echo "\"$ERL\" -run conftest start -run init stop -noshell" >> conftest$ac_exeext && chmod +x conftest$ac_exeext
configure:3161: $? = 0
configure:3161: ./conftest
configure:3161: $? = 0
configure:3186: result: /usr/local/lib/erlang/lib/crypto-3.3
configure:3188: checking for Erlang/OTP 'crypto' library version
configure:3199: result: 3.3
configure:3209: checking for Erlang/OTP 'public_key' library subdirectory
configure:3240: $ERLC $ERLCFLAGS -b beam conftest.$ac_ext >&5 && echo "#!/bin/sh" > conftest$ac_exeext && $as_echo "\"$ERL\" -run conftest start -run init stop -noshell" >> conftest$ac_exeext && chmod +x conftest$ac_exeext
configure:3240: $? = 0
configure:3240: ./conftest
configure:3240: $? = 0
configure:3265: result: /usr/local/lib/erlang/lib/public_key-0.22
configure:3267: checking for Erlang/OTP 'public_key' library version
configure:3278: result: 0.22
configure:3288: checking for Erlang/OTP 'ssl' library subdirectory
configure:3319: $ERLC $ERLCFLAGS -b beam conftest.$ac_ext >&5 && echo "#!/bin/sh" > conftest$ac_exeext && $as_echo "\"$ERL\" -run conftest start -run init stop -noshell" >> conftest$ac_exeext && chmod +x conftest$ac_exeext
configure:3319: $? = 0
configure:3319: ./conftest
configure:3319: $? = 0
configure:3344: result: /usr/local/lib/erlang/lib/ssl-5.3.4
configure:3346: checking for Erlang/OTP 'ssl' library version
configure:3357: result: 5.3.4
configure:3367: checking for Erlang/OTP 'mnesia' library subdirectory
configure:3398: $ERLC $ERLCFLAGS -b beam conftest.$ac_ext >&5 && echo "#!/bin/sh" > conftest$ac_exeext && $as_echo "\"$ERL\" -run conftest start -run init stop -noshell" >> conftest$ac_exeext && chmod +x conftest$ac_exeext
configure:3398: $? = 0
configure:3398: ./conftest
configure:3398: $? = 0
configure:3423: result: /usr/local/lib/erlang/lib/mnesia-4.12
configure:3425: checking for Erlang/OTP 'mnesia' library version
configure:3436: result: 4.12
configure:3446: checking for Erlang/OTP 'inets' library subdirectory
configure:3477: $ERLC $ERLCFLAGS -b beam conftest.$ac_ext >&5 && echo "#!/bin/sh" > conftest$ac_exeext && $as_echo "\"$ERL\" -run conftest start -run init stop -noshell" >> conftest$ac_exeext && chmod +x conftest$ac_exeext
configure:3477: $? = 0
configure:3477: ./conftest
configure:3477: $? = 0
configure:3502: result: /usr/local/lib/erlang/lib/inets-5.10
configure:3504: checking for Erlang/OTP 'inets' library version
configure:3515: result: 5.10
configure:3525: checking for Erlang/OTP 'compiler' library subdirectory
configure:3556: $ERLC $ERLCFLAGS -b beam conftest.$ac_ext >&5 && echo "#!/bin/sh" > conftest$ac_exeext && $as_echo "\"$ERL\" -run conftest start -run init stop -noshell" >> conftest$ac_exeext && chmod +x conftest$ac_exeext
configure:3556: $? = 0
configure:3556: ./conftest
configure:3556: $? = 0
configure:3581: result: /usr/local/lib/erlang/lib/compiler-5.0
configure:3583: checking for Erlang/OTP 'compiler' library version
configure:3594: result: 5.0
configure:4004: creating ./config.status

## ---------------------- ##
## Running config.status. ##
## ---------------------- ##

This file was extended by ejabberd config.status community 13.12-119-g47a39ce, which was
generated by GNU Autoconf 2.67.  Invocation command line was

  CONFIG_FILES    = 
  CONFIG_HEADERS  = 
  CONFIG_LINKS    = 
  CONFIG_COMMANDS = 
  $ ./config.status 

on wugaoping.local

config.status:774: creating Makefile
config.status:774: creating vars.config
config.status:774: creating src/ejabberd.app.src

## ---------------- ##
## Cache variables. ##
## ---------------- ##

ac_cv_env_ERLCFLAGS_set=
ac_cv_env_ERLCFLAGS_value=
ac_cv_env_ERLC_set=
ac_cv_env_ERLC_value=
ac_cv_env_ERL_set=
ac_cv_env_ERL_value=
ac_cv_env_build_alias_set=
ac_cv_env_build_alias_value=
ac_cv_env_host_alias_set=
ac_cv_env_host_alias_value=
ac_cv_env_target_alias_set=
ac_cv_env_target_alias_value=
ac_cv_erlang_lib_dir_compiler=/usr/local/lib/erlang/lib/compiler-5.0
ac_cv_erlang_lib_dir_crypto=/usr/local/lib/erlang/lib/crypto-3.3
ac_cv_erlang_lib_dir_inets=/usr/local/lib/erlang/lib/inets-5.10
ac_cv_erlang_lib_dir_mnesia=/usr/local/lib/erlang/lib/mnesia-4.12
ac_cv_erlang_lib_dir_public_key=/usr/local/lib/erlang/lib/public_key-0.22
ac_cv_erlang_lib_dir_sasl=/usr/local/lib/erlang/lib/sasl-2.4
ac_cv_erlang_lib_dir_ssl=/usr/local/lib/erlang/lib/ssl-5.3.4
ac_cv_erlang_lib_ver_compiler=5.0
ac_cv_erlang_lib_ver_crypto=3.3
ac_cv_erlang_lib_ver_inets=5.10
ac_cv_erlang_lib_ver_mnesia=4.12
ac_cv_erlang_lib_ver_public_key=0.22
ac_cv_erlang_lib_ver_sasl=2.4
ac_cv_erlang_lib_ver_ssl=5.3.4
ac_cv_erlang_root_dir=/usr/local/lib/erlang
ac_cv_path_ESCRIPT=/usr/local/lib/erlang/bin/escript
ac_cv_path_SED=/usr/bin/sed
ac_cv_path_ac_pt_ERL=/usr/local/bin/erl
ac_cv_path_ac_pt_ERLC=/usr/local/bin/erlc
ac_cv_path_install='/usr/bin/install -c'
ac_cv_prog_MAKE=make
ac_cv_prog_make_make_set=yes

## ----------------- ##
## Output variables. ##
## ----------------- ##

DEFS='-DPACKAGE_NAME=\"ejabberd\" -DPACKAGE_TARNAME=\"ejabberd\" -DPACKAGE_VERSION=\"community\ 13.12-119-g47a39ce\" -DPACKAGE_STRING=\"ejabberd\ community\ 13.12-119-g47a39ce\" -DPACKAGE_BUGREPORT=\"ejabberd@process-one.net\" -DPACKAGE_URL=\"\"'
ECHO_C='\c'
ECHO_N=''
ECHO_T=''
ERL='/usr/local/bin/erl'
ERLANG_LIB_DIR_compiler='/usr/local/lib/erlang/lib/compiler-5.0'
ERLANG_LIB_DIR_crypto='/usr/local/lib/erlang/lib/crypto-3.3'
ERLANG_LIB_DIR_inets='/usr/local/lib/erlang/lib/inets-5.10'
ERLANG_LIB_DIR_mnesia='/usr/local/lib/erlang/lib/mnesia-4.12'
ERLANG_LIB_DIR_odbc=''
ERLANG_LIB_DIR_public_key='/usr/local/lib/erlang/lib/public_key-0.22'
ERLANG_LIB_DIR_runtime_tools=''
ERLANG_LIB_DIR_sasl='/usr/local/lib/erlang/lib/sasl-2.4'
ERLANG_LIB_DIR_ssl='/usr/local/lib/erlang/lib/ssl-5.3.4'
ERLANG_LIB_DIR_tools=''
ERLANG_LIB_VER_compiler='5.0'
ERLANG_LIB_VER_crypto='3.3'
ERLANG_LIB_VER_inets='5.10'
ERLANG_LIB_VER_mnesia='4.12'
ERLANG_LIB_VER_odbc=''
ERLANG_LIB_VER_public_key='0.22'
ERLANG_LIB_VER_runtime_tools=''
ERLANG_LIB_VER_sasl='2.4'
ERLANG_LIB_VER_ssl='5.3.4'
ERLANG_LIB_VER_tools=''
ERLANG_ROOT_DIR='/usr/local/lib/erlang'
ERLC='/usr/local/bin/erlc'
ERLCFLAGS=''
ESCRIPT='/usr/local/lib/erlang/bin/escript'
INSTALLUSER=''
INSTALL_DATA='${INSTALL} -m 644'
INSTALL_PROGRAM='${INSTALL}'
INSTALL_SCRIPT='${INSTALL}'
LIBOBJS=''
LIBS=''
LTLIBOBJS=''
MAKE='make'
PACKAGE_BUGREPORT='ejabberd@process-one.net'
PACKAGE_NAME='ejabberd'
PACKAGE_STRING='ejabberd community 13.12-119-g47a39ce'
PACKAGE_TARNAME='ejabberd'
PACKAGE_URL=''
PACKAGE_VERSION='community 13.12-119-g47a39ce'
PATH_SEPARATOR=':'
SED='/usr/bin/sed'
SET_MAKE=''
SHELL='/bin/sh'
bindir='${exec_prefix}/bin'
build_alias=''
datadir='${datarootdir}'
datarootdir='${prefix}/share'
db_type='generic'
debug='true'
docdir='${datarootdir}/doc/${PACKAGE_TARNAME}'
dvidir='${docdir}'
exec_prefix='${prefix}'
full_xml='false'
hipe='false'
host_alias=''
htmldir='${docdir}'
http='false'
iconv='true'
includedir='${prefix}/include'
infodir='${datarootdir}/info'
json='false'
lager='true'
libdir='${exec_prefix}/lib'
libexecdir='${exec_prefix}/libexec'
localedir='${datarootdir}/locale'
localstatedir='${prefix}/var'
mandir='${datarootdir}/man'
mysql='false'
nif='false'
odbc='false'
oldincludedir='/usr/include'
pam='false'
pdfdir='${docdir}'
pgsql='false'
prefix='/usr/local/ejabberd1405'
program_transform_name='s,x,x,'
psdir='${docdir}'
roster_gateway_workaround='false'
sbindir='${exec_prefix}/sbin'
sharedstatedir='${prefix}/com'
stun='false'
sysconfdir='${prefix}/etc'
target_alias=''
tools='false'
transient_supervisors='false'
zlib='true'

## ----------- ##
## confdefs.h. ##
## ----------- ##

/* confdefs.h */
#define PACKAGE_NAME "ejabberd"
#define PACKAGE_TARNAME "ejabberd"
#define PACKAGE_VERSION "community 13.12-119-g47a39ce"
#define PACKAGE_STRING "ejabberd community 13.12-119-g47a39ce"
#define PACKAGE_BUGREPORT "ejabberd@process-one.net"
#define PACKAGE_URL ""

configure: exit 0
